<?xml version="1.0" encoding="UTF-8"?>
<!-- Generated by org.testng.reporters.JUnitReportReporter -->
<testsuite skipped="0" hostname="DESKTOP-KAL629A" name="DemoWebShop" tests="10" failures="0" timestamp="2022-06-17T19:36:58 IST" time="20.123" errors="0">
  <testcase name="registerData" time="6.151" classname="DemoWebShop"/>
  <system-out/>
  <testcase name="loginData" time="3.092" classname="DemoWebShop"/>
  <system-out/>
  <testcase name="addTocard" time="3.108" classname="DemoWebShop"/>
  <system-out/>
  <testcase name="cheakOut" time="1.997" classname="DemoWebShop"/>
  <system-out/>
  <testcase name="bilingAddress" time="0.706" classname="DemoWebShop"/>
  <system-out/>
  <testcase name="shipingAddress" time="0.999" classname="DemoWebShop"/>
  <system-out/>
  <testcase name="paymentMethod" time="0.464" classname="DemoWebShop"/>
  <system-out/>
  <testcase name="paymentInformation" time="0.392" classname="DemoWebShop"/>
  <system-out/>
  <testcase name="confirmOrder" time="0.366" classname="DemoWebShop"/>
  <system-out/>
  <testcase name="orderDetails" time="2.848" classname="DemoWebShop"/>
  <system-out/>
</testsuite> <!-- DemoWebShop -->
